INFO:werkzeug: * Restarting with stat
WARNING:werkzeug: * Debugger is active!
INFO:werkzeug: * Debugger PIN: 917-660-993
DEBUG:geventwebsocket.handler:Initializing WebSocket
DEBUG:geventwebsocket.handler:Validating WebSocket request
INFO:geventwebsocket.handler:127.0.0.1 - - [2021-11-27 04:02:55] "GET /socket.io/?client=AGV00001&transport=polling&EIO=4&t=1637953373.2442937 HTTP/1.1" 200 254 0.002961
DEBUG:geventwebsocket.handler:Initializing WebSocket
DEBUG:geventwebsocket.handler:Validating WebSocket request
DEBUG:geventwebsocket.handler:Attempting to upgrade connection
DEBUG:geventwebsocket.handler:WebSocket request accepted, switching protocols
INFO:root:{"DATA_TYPE": "alarm", "AGV_NO": "AGV00001", "ALARMS": [{"ALARM_CD": "31", "ALARM_STATUS": 1, "ALARM_DTL": "Belt 구동 실패", "OCCUR_DT": "20211127 04:02:55", "END_DT": null}]}
INFO:root:{"DATA_TYPE": "report", "AGV_NO": "AGV00001", "LOCATION": "00010002", "STATE": "1", "MODE": "1", "DIRECTION": "0", "MAX_VELOCITY": "2.5", "TILT_MAX_ANGLE": "20", "BELT_MAX_SPEED": "1.5", "COMMAND_WAIT_TIME": "10", "MIN_VOLTAGE": "15.6", "BATTERY_LVL": "30", "AGV_FIRMWARE_VERSION": "1.01"}
INFO:root:{"DATA_TYPE": "report", "AGV_NO": "AGV00001", "LOCATION": "00010002", "STATE": "1", "MODE": "1", "DIRECTION": "0", "MAX_VELOCITY": "2.5", "TILT_MAX_ANGLE": "20", "BELT_MAX_SPEED": "1.5", "COMMAND_WAIT_TIME": "10", "MIN_VOLTAGE": "15.6", "BATTERY_LVL": "30", "AGV_FIRMWARE_VERSION": "1.01"}
INFO:root:{"DATA_TYPE": "report", "AGV_NO": "AGV00001", "LOCATION": "00010002", "STATE": "1", "MODE": "1", "DIRECTION": "0", "MAX_VELOCITY": "2.5", "TILT_MAX_ANGLE": "20", "BELT_MAX_SPEED": "1.5", "COMMAND_WAIT_TIME": "10", "MIN_VOLTAGE": "15.6", "BATTERY_LVL": "30", "AGV_FIRMWARE_VERSION": "1.01"}
INFO:root:{"DATA_TYPE": "report", "AGV_NO": "AGV00001", "LOCATION": "00010002", "STATE": "1", "MODE": "1", "DIRECTION": "0", "MAX_VELOCITY": "2.5", "TILT_MAX_ANGLE": "20", "BELT_MAX_SPEED": "1.5", "COMMAND_WAIT_TIME": "10", "MIN_VOLTAGE": "15.6", "BATTERY_LVL": "30", "AGV_FIRMWARE_VERSION": "1.01"}
INFO:root:{"DATA_TYPE": "report", "AGV_NO": "AGV00001", "LOCATION": "00010002", "STATE": "1", "MODE": "1", "DIRECTION": "0", "MAX_VELOCITY": "2.5", "TILT_MAX_ANGLE": "20", "BELT_MAX_SPEED": "1.5", "COMMAND_WAIT_TIME": "10", "MIN_VOLTAGE": "15.6", "BATTERY_LVL": "30", "AGV_FIRMWARE_VERSION": "1.01"}
INFO:root:{"DATA_TYPE": "report", "AGV_NO": "AGV00001", "LOCATION": "00010002", "STATE": "1", "MODE": "1", "DIRECTION": "0", "MAX_VELOCITY": "2.5", "TILT_MAX_ANGLE": "20", "BELT_MAX_SPEED": "1.5", "COMMAND_WAIT_TIME": "10", "MIN_VOLTAGE": "15.6", "BATTERY_LVL": "30", "AGV_FIRMWARE_VERSION": "1.01"}
INFO:root:{"DATA_TYPE": "report", "AGV_NO": "AGV00001", "LOCATION": "00010002", "STATE": "1", "MODE": "1", "DIRECTION": "0", "MAX_VELOCITY": "2.5", "TILT_MAX_ANGLE": "20", "BELT_MAX_SPEED": "1.5", "COMMAND_WAIT_TIME": "10", "MIN_VOLTAGE": "15.6", "BATTERY_LVL": "30", "AGV_FIRMWARE_VERSION": "1.01"}
INFO:root:{"DATA_TYPE": "report", "AGV_NO": "AGV00001", "LOCATION": "00010002", "STATE": "1", "MODE": "1", "DIRECTION": "0", "MAX_VELOCITY": "2.5", "TILT_MAX_ANGLE": "20", "BELT_MAX_SPEED": "1.5", "COMMAND_WAIT_TIME": "10", "MIN_VOLTAGE": "15.6", "BATTERY_LVL": "30", "AGV_FIRMWARE_VERSION": "1.01"}
INFO:root:{"DATA_TYPE": "report", "AGV_NO": "AGV00001", "LOCATION": "00130029", "STATE": "1", "MODE": "1", "DIRECTION": "0", "MAX_VELOCITY": "2.5", "TILT_MAX_ANGLE": "20", "BELT_MAX_SPEED": "1.5", "COMMAND_WAIT_TIME": "10", "MIN_VOLTAGE": "15.6", "BATTERY_LVL": "30", "AGV_FIRMWARE_VERSION": "1.01"}
INFO:root:{"DATA_TYPE": "report", "AGV_NO": "AGV00001", "LOCATION": "00130029", "STATE": "1", "MODE": "1", "DIRECTION": "0", "MAX_VELOCITY": "2.5", "TILT_MAX_ANGLE": "20", "BELT_MAX_SPEED": "1.5", "COMMAND_WAIT_TIME": "10", "MIN_VOLTAGE": "15.6", "BATTERY_LVL": "30", "AGV_FIRMWARE_VERSION": "1.01"}
INFO:root:{"DATA_TYPE": "report", "AGV_NO": "AGV00001", "LOCATION": "00130029", "STATE": "1", "MODE": "1", "DIRECTION": "0", "MAX_VELOCITY": "2.5", "TILT_MAX_ANGLE": "20", "BELT_MAX_SPEED": "1.5", "COMMAND_WAIT_TIME": "10", "MIN_VOLTAGE": "15.6", "BATTERY_LVL": "30", "AGV_FIRMWARE_VERSION": "1.01"}
INFO:root:{"DATA_TYPE": "report", "AGV_NO": "AGV00001", "LOCATION": "00130029", "STATE": "1", "MODE": "1", "DIRECTION": "0", "MAX_VELOCITY": "2.5", "TILT_MAX_ANGLE": "20", "BELT_MAX_SPEED": "1.5", "COMMAND_WAIT_TIME": "10", "MIN_VOLTAGE": "15.6", "BATTERY_LVL": "30", "AGV_FIRMWARE_VERSION": "1.01"}
INFO:root:{"DATA_TYPE": "report", "AGV_NO": "AGV00001", "LOCATION": "00130029", "STATE": "1", "MODE": "1", "DIRECTION": "0", "MAX_VELOCITY": "2.5", "TILT_MAX_ANGLE": "20", "BELT_MAX_SPEED": "1.5", "COMMAND_WAIT_TIME": "10", "MIN_VOLTAGE": "15.6", "BATTERY_LVL": "30", "AGV_FIRMWARE_VERSION": "1.01"}
INFO:root:{"DATA_TYPE": "report", "AGV_NO": "AGV00001", "LOCATION": "00130029", "STATE": "1", "MODE": "1", "DIRECTION": "0", "MAX_VELOCITY": "2.5", "TILT_MAX_ANGLE": "20", "BELT_MAX_SPEED": "1.5", "COMMAND_WAIT_TIME": "10", "MIN_VOLTAGE": "15.6", "BATTERY_LVL": "30", "AGV_FIRMWARE_VERSION": "1.01"}
INFO:root:{"DATA_TYPE": "alarm", "AGV_NO": "AGV00001", "ALARMS": [{"ALARM_CD": "21", "ALARM_STATUS": 1, "ALARM_DTL": "LOW BATTERY", "OCCUR_DT": "20211127 04:02:56", "END_DT": null}]}
INFO:root:{"DATA_TYPE": "report", "AGV_NO": "AGV00001", "LOCATION": "00130029", "STATE": "1", "MODE": "1", "DIRECTION": "0", "MAX_VELOCITY": "2.5", "TILT_MAX_ANGLE": "20", "BELT_MAX_SPEED": "1.5", "COMMAND_WAIT_TIME": "10", "MIN_VOLTAGE": "15.6", "BATTERY_LVL": "30", "AGV_FIRMWARE_VERSION": "1.01"}
INFO:root:{"DATA_TYPE": "report", "AGV_NO": "AGV00001", "LOCATION": "00130029", "STATE": "1", "MODE": "1", "DIRECTION": "0", "MAX_VELOCITY": "2.5", "TILT_MAX_ANGLE": "20", "BELT_MAX_SPEED": "1.5", "COMMAND_WAIT_TIME": "10", "MIN_VOLTAGE": "15.6", "BATTERY_LVL": "30", "AGV_FIRMWARE_VERSION": "1.01"}
INFO:root:{"DATA_TYPE": "report", "AGV_NO": "AGV00001", "LOCATION": "00130029", "STATE": "1", "MODE": "1", "DIRECTION": "0", "MAX_VELOCITY": "2.5", "TILT_MAX_ANGLE": "20", "BELT_MAX_SPEED": "1.5", "COMMAND_WAIT_TIME": "10", "MIN_VOLTAGE": "15.6", "BATTERY_LVL": "30", "AGV_FIRMWARE_VERSION": "1.01"}
INFO:root:{"DATA_TYPE": "report", "AGV_NO": "AGV00001", "LOCATION": "00130029", "STATE": "1", "MODE": "1", "DIRECTION": "0", "MAX_VELOCITY": "2.5", "TILT_MAX_ANGLE": "20", "BELT_MAX_SPEED": "1.5", "COMMAND_WAIT_TIME": "10", "MIN_VOLTAGE": "15.6", "BATTERY_LVL": "30", "AGV_FIRMWARE_VERSION": "1.01"}
INFO:root:{"DATA_TYPE": "report", "AGV_NO": "AGV00001", "LOCATION": "00140029", "STATE": "1", "MODE": "1", "DIRECTION": "0", "MAX_VELOCITY": "2.5", "TILT_MAX_ANGLE": "20", "BELT_MAX_SPEED": "1.5", "COMMAND_WAIT_TIME": "10", "MIN_VOLTAGE": "15.6", "BATTERY_LVL": "30", "AGV_FIRMWARE_VERSION": "1.01"}
INFO:root:{"DATA_TYPE": "report", "AGV_NO": "AGV00001", "LOCATION": "00140029", "STATE": "1", "MODE": "1", "DIRECTION": "0", "MAX_VELOCITY": "2.5", "TILT_MAX_ANGLE": "20", "BELT_MAX_SPEED": "1.5", "COMMAND_WAIT_TIME": "10", "MIN_VOLTAGE": "15.6", "BATTERY_LVL": "30", "AGV_FIRMWARE_VERSION": "1.01"}
INFO:root:{"DATA_TYPE": "report", "AGV_NO": "AGV00001", "LOCATION": "00140029", "STATE": "1", "MODE": "1", "DIRECTION": "0", "MAX_VELOCITY": "2.5", "TILT_MAX_ANGLE": "20", "BELT_MAX_SPEED": "1.5", "COMMAND_WAIT_TIME": "10", "MIN_VOLTAGE": "15.6", "BATTERY_LVL": "30", "AGV_FIRMWARE_VERSION": "1.01"}
INFO:root:{"DATA_TYPE": "report", "AGV_NO": "AGV00001", "LOCATION": "00140029", "STATE": "1", "MODE": "1", "DIRECTION": "0", "MAX_VELOCITY": "2.5", "TILT_MAX_ANGLE": "20", "BELT_MAX_SPEED": "1.5", "COMMAND_WAIT_TIME": "10", "MIN_VOLTAGE": "15.6", "BATTERY_LVL": "30", "AGV_FIRMWARE_VERSION": "1.01"}
INFO:root:{"DATA_TYPE": "report", "AGV_NO": "AGV00001", "LOCATION": "00140029", "STATE": "1", "MODE": "1", "DIRECTION": "0", "MAX_VELOCITY": "2.5", "TILT_MAX_ANGLE": "20", "BELT_MAX_SPEED": "1.5", "COMMAND_WAIT_TIME": "10", "MIN_VOLTAGE": "15.6", "BATTERY_LVL": "30", "AGV_FIRMWARE_VERSION": "1.01"}
INFO:root:{"DATA_TYPE": "report", "AGV_NO": "AGV00001", "LOCATION": "00140029", "STATE": "1", "MODE": "1", "DIRECTION": "0", "MAX_VELOCITY": "2.5", "TILT_MAX_ANGLE": "20", "BELT_MAX_SPEED": "1.5", "COMMAND_WAIT_TIME": "10", "MIN_VOLTAGE": "15.6", "BATTERY_LVL": "30", "AGV_FIRMWARE_VERSION": "1.01"}
INFO:root:{"DATA_TYPE": "report", "AGV_NO": "AGV00001", "LOCATION": "00140029", "STATE": "1", "MODE": "1", "DIRECTION": "0", "MAX_VELOCITY": "2.5", "TILT_MAX_ANGLE": "20", "BELT_MAX_SPEED": "1.5", "COMMAND_WAIT_TIME": "10", "MIN_VOLTAGE": "15.6", "BATTERY_LVL": "30", "AGV_FIRMWARE_VERSION": "1.01"}
INFO:root:{"DATA_TYPE": "report", "AGV_NO": "AGV00001", "LOCATION": "00140029", "STATE": "1", "MODE": "1", "DIRECTION": "0", "MAX_VELOCITY": "2.5", "TILT_MAX_ANGLE": "20", "BELT_MAX_SPEED": "1.5", "COMMAND_WAIT_TIME": "10", "MIN_VOLTAGE": "15.6", "BATTERY_LVL": "30", "AGV_FIRMWARE_VERSION": "1.01"}
INFO:root:{"DATA_TYPE": "report", "AGV_NO": "AGV00001", "LOCATION": "00140029", "STATE": "1", "MODE": "1", "DIRECTION": "0", "MAX_VELOCITY": "2.5", "TILT_MAX_ANGLE": "20", "BELT_MAX_SPEED": "1.5", "COMMAND_WAIT_TIME": "10", "MIN_VOLTAGE": "15.6", "BATTERY_LVL": "30", "AGV_FIRMWARE_VERSION": "1.01"}
INFO:root:{"DATA_TYPE": "report", "AGV_NO": "AGV00001", "LOCATION": "00140029", "STATE": "1", "MODE": "1", "DIRECTION": "0", "MAX_VELOCITY": "2.5", "TILT_MAX_ANGLE": "20", "BELT_MAX_SPEED": "1.5", "COMMAND_WAIT_TIME": "10", "MIN_VOLTAGE": "15.6", "BATTERY_LVL": "30", "AGV_FIRMWARE_VERSION": "1.01"}
INFO:root:{"DATA_TYPE": "alarm", "AGV_NO": "AGV00001", "ALARMS": [{"ALARM_CD": "22", "ALARM_STATUS": 1, "ALARM_DTL": "과전류 발생", "OCCUR_DT": "20211127 04:02:57", "END_DT": null}]}
INFO:root:{"DATA_TYPE": "report", "AGV_NO": "AGV00001", "LOCATION": "00140030", "STATE": "1", "MODE": "1", "DIRECTION": "0", "MAX_VELOCITY": "2.5", "TILT_MAX_ANGLE": "20", "BELT_MAX_SPEED": "1.5", "COMMAND_WAIT_TIME": "10", "MIN_VOLTAGE": "15.6", "BATTERY_LVL": "30", "AGV_FIRMWARE_VERSION": "1.01"}
INFO:root:{"DATA_TYPE": "report", "AGV_NO": "AGV00001", "LOCATION": "00140030", "STATE": "1", "MODE": "1", "DIRECTION": "0", "MAX_VELOCITY": "2.5", "TILT_MAX_ANGLE": "20", "BELT_MAX_SPEED": "1.5", "COMMAND_WAIT_TIME": "10", "MIN_VOLTAGE": "15.6", "BATTERY_LVL": "30", "AGV_FIRMWARE_VERSION": "1.01"}
INFO:root:{"DATA_TYPE": "report", "AGV_NO": "AGV00001", "LOCATION": "00140030", "STATE": "1", "MODE": "1", "DIRECTION": "0", "MAX_VELOCITY": "2.5", "TILT_MAX_ANGLE": "20", "BELT_MAX_SPEED": "1.5", "COMMAND_WAIT_TIME": "10", "MIN_VOLTAGE": "15.6", "BATTERY_LVL": "30", "AGV_FIRMWARE_VERSION": "1.01"}
INFO:root:{"DATA_TYPE": "report", "AGV_NO": "AGV00001", "LOCATION": "00140030", "STATE": "1", "MODE": "1", "DIRECTION": "0", "MAX_VELOCITY": "2.5", "TILT_MAX_ANGLE": "20", "BELT_MAX_SPEED": "1.5", "COMMAND_WAIT_TIME": "10", "MIN_VOLTAGE": "15.6", "BATTERY_LVL": "30", "AGV_FIRMWARE_VERSION": "1.01"}
INFO:root:{"DATA_TYPE": "report", "AGV_NO": "AGV00001", "LOCATION": "00140030", "STATE": "1", "MODE": "1", "DIRECTION": "0", "MAX_VELOCITY": "2.5", "TILT_MAX_ANGLE": "20", "BELT_MAX_SPEED": "1.5", "COMMAND_WAIT_TIME": "10", "MIN_VOLTAGE": "15.6", "BATTERY_LVL": "30", "AGV_FIRMWARE_VERSION": "1.01"}
INFO:root:{"DATA_TYPE": "report", "AGV_NO": "AGV00001", "LOCATION": "00140030", "STATE": "1", "MODE": "1", "DIRECTION": "0", "MAX_VELOCITY": "2.5", "TILT_MAX_ANGLE": "20", "BELT_MAX_SPEED": "1.5", "COMMAND_WAIT_TIME": "10", "MIN_VOLTAGE": "15.6", "BATTERY_LVL": "30", "AGV_FIRMWARE_VERSION": "1.01"}
INFO:root:{"DATA_TYPE": "report", "AGV_NO": "AGV00001", "LOCATION": "00140030", "STATE": "1", "MODE": "1", "DIRECTION": "0", "MAX_VELOCITY": "2.5", "TILT_MAX_ANGLE": "20", "BELT_MAX_SPEED": "1.5", "COMMAND_WAIT_TIME": "10", "MIN_VOLTAGE": "15.6", "BATTERY_LVL": "30", "AGV_FIRMWARE_VERSION": "1.01"}
INFO:root:{"DATA_TYPE": "report", "AGV_NO": "AGV00001", "LOCATION": "00140030", "STATE": "1", "MODE": "1", "DIRECTION": "0", "MAX_VELOCITY": "2.5", "TILT_MAX_ANGLE": "20", "BELT_MAX_SPEED": "1.5", "COMMAND_WAIT_TIME": "10", "MIN_VOLTAGE": "15.6", "BATTERY_LVL": "30", "AGV_FIRMWARE_VERSION": "1.01"}
INFO:root:{"DATA_TYPE": "report", "AGV_NO": "AGV00001", "LOCATION": "00140030", "STATE": "1", "MODE": "1", "DIRECTION": "0", "MAX_VELOCITY": "2.5", "TILT_MAX_ANGLE": "20", "BELT_MAX_SPEED": "1.5", "COMMAND_WAIT_TIME": "10", "MIN_VOLTAGE": "15.6", "BATTERY_LVL": "30", "AGV_FIRMWARE_VERSION": "1.01"}
INFO:root:{"DATA_TYPE": "report", "AGV_NO": "AGV00001", "LOCATION": "00140030", "STATE": "1", "MODE": "1", "DIRECTION": "0", "MAX_VELOCITY": "2.5", "TILT_MAX_ANGLE": "20", "BELT_MAX_SPEED": "1.5", "COMMAND_WAIT_TIME": "10", "MIN_VOLTAGE": "15.6", "BATTERY_LVL": "30", "AGV_FIRMWARE_VERSION": "1.01"}
INFO:root:{"DATA_TYPE": "report", "AGV_NO": "AGV00001", "LOCATION": "00130030", "STATE": "1", "MODE": "1", "DIRECTION": "0", "MAX_VELOCITY": "2.5", "TILT_MAX_ANGLE": "20", "BELT_MAX_SPEED": "1.5", "COMMAND_WAIT_TIME": "10", "MIN_VOLTAGE": "15.6", "BATTERY_LVL": "30", "AGV_FIRMWARE_VERSION": "1.01"}
INFO:root:{"DATA_TYPE": "report", "AGV_NO": "AGV00001", "LOCATION": "00130030", "STATE": "1", "MODE": "1", "DIRECTION": "0", "MAX_VELOCITY": "2.5", "TILT_MAX_ANGLE": "20", "BELT_MAX_SPEED": "1.5", "COMMAND_WAIT_TIME": "10", "MIN_VOLTAGE": "15.6", "BATTERY_LVL": "30", "AGV_FIRMWARE_VERSION": "1.01"}
INFO:root:{"DATA_TYPE": "report", "AGV_NO": "AGV00001", "LOCATION": "00130030", "STATE": "1", "MODE": "1", "DIRECTION": "0", "MAX_VELOCITY": "2.5", "TILT_MAX_ANGLE": "20", "BELT_MAX_SPEED": "1.5", "COMMAND_WAIT_TIME": "10", "MIN_VOLTAGE": "15.6", "BATTERY_LVL": "30", "AGV_FIRMWARE_VERSION": "1.01"}
INFO:root:{"DATA_TYPE": "report", "AGV_NO": "AGV00001", "LOCATION": "00130030", "STATE": "1", "MODE": "1", "DIRECTION": "0", "MAX_VELOCITY": "2.5", "TILT_MAX_ANGLE": "20", "BELT_MAX_SPEED": "1.5", "COMMAND_WAIT_TIME": "10", "MIN_VOLTAGE": "15.6", "BATTERY_LVL": "30", "AGV_FIRMWARE_VERSION": "1.01"}
INFO:root:{"DATA_TYPE": "report", "AGV_NO": "AGV00001", "LOCATION": "00130030", "STATE": "1", "MODE": "1", "DIRECTION": "0", "MAX_VELOCITY": "2.5", "TILT_MAX_ANGLE": "20", "BELT_MAX_SPEED": "1.5", "COMMAND_WAIT_TIME": "10", "MIN_VOLTAGE": "15.6", "BATTERY_LVL": "30", "AGV_FIRMWARE_VERSION": "1.01"}
INFO:root:{"DATA_TYPE": "alarm", "AGV_NO": "AGV00001", "ALARMS": [{"ALARM_CD": "13", "ALARM_STATUS": 1, "ALARM_DTL": "우 90도회전 후, 위치 오류", "OCCUR_DT": "20211127 04:02:58", "END_DT": null}]}
INFO:root:{"DATA_TYPE": "report", "AGV_NO": "AGV00001", "LOCATION": "00130030", "STATE": "1", "MODE": "1", "DIRECTION": "0", "MAX_VELOCITY": "2.5", "TILT_MAX_ANGLE": "20", "BELT_MAX_SPEED": "1.5", "COMMAND_WAIT_TIME": "10", "MIN_VOLTAGE": "15.6", "BATTERY_LVL": "30", "AGV_FIRMWARE_VERSION": "1.01"}
INFO:root:{"DATA_TYPE": "report", "AGV_NO": "AGV00001", "LOCATION": "00130030", "STATE": "1", "MODE": "1", "DIRECTION": "0", "MAX_VELOCITY": "2.5", "TILT_MAX_ANGLE": "20", "BELT_MAX_SPEED": "1.5", "COMMAND_WAIT_TIME": "10", "MIN_VOLTAGE": "15.6", "BATTERY_LVL": "30", "AGV_FIRMWARE_VERSION": "1.01"}
INFO:root:{"DATA_TYPE": "report", "AGV_NO": "AGV00001", "LOCATION": "00130030", "STATE": "1", "MODE": "1", "DIRECTION": "0", "MAX_VELOCITY": "2.5", "TILT_MAX_ANGLE": "20", "BELT_MAX_SPEED": "1.5", "COMMAND_WAIT_TIME": "10", "MIN_VOLTAGE": "15.6", "BATTERY_LVL": "30", "AGV_FIRMWARE_VERSION": "1.01"}
INFO:root:{"DATA_TYPE": "report", "AGV_NO": "AGV00001", "LOCATION": "00130030", "STATE": "1", "MODE": "1", "DIRECTION": "0", "MAX_VELOCITY": "2.5", "TILT_MAX_ANGLE": "20", "BELT_MAX_SPEED": "1.5", "COMMAND_WAIT_TIME": "10", "MIN_VOLTAGE": "15.6", "BATTERY_LVL": "30", "AGV_FIRMWARE_VERSION": "1.01"}
INFO:root:{"DATA_TYPE": "report", "AGV_NO": "AGV00001", "LOCATION": "00130030", "STATE": "1", "MODE": "1", "DIRECTION": "0", "MAX_VELOCITY": "2.5", "TILT_MAX_ANGLE": "20", "BELT_MAX_SPEED": "1.5", "COMMAND_WAIT_TIME": "10", "MIN_VOLTAGE": "15.6", "BATTERY_LVL": "30", "AGV_FIRMWARE_VERSION": "1.01"}
INFO:root:{"DATA_TYPE": "report", "AGV_NO": "AGV00001", "LOCATION": "00140030", "STATE": "1", "MODE": "1", "DIRECTION": "0", "MAX_VELOCITY": "2.5", "TILT_MAX_ANGLE": "20", "BELT_MAX_SPEED": "1.5", "COMMAND_WAIT_TIME": "10", "MIN_VOLTAGE": "15.6", "BATTERY_LVL": "30", "AGV_FIRMWARE_VERSION": "1.01"}
INFO:root:{"DATA_TYPE": "report", "AGV_NO": "AGV00001", "LOCATION": "00140030", "STATE": "1", "MODE": "1", "DIRECTION": "0", "MAX_VELOCITY": "2.5", "TILT_MAX_ANGLE": "20", "BELT_MAX_SPEED": "1.5", "COMMAND_WAIT_TIME": "10", "MIN_VOLTAGE": "15.6", "BATTERY_LVL": "30", "AGV_FIRMWARE_VERSION": "1.01"}
INFO:root:{"DATA_TYPE": "report", "AGV_NO": "AGV00001", "LOCATION": "00140030", "STATE": "1", "MODE": "1", "DIRECTION": "0", "MAX_VELOCITY": "2.5", "TILT_MAX_ANGLE": "20", "BELT_MAX_SPEED": "1.5", "COMMAND_WAIT_TIME": "10", "MIN_VOLTAGE": "15.6", "BATTERY_LVL": "30", "AGV_FIRMWARE_VERSION": "1.01"}
DEBUG:geventwebsocket.handler:Failed to write closing frame -> closing socket
DEBUG:geventwebsocket.handler:Closed WebSocket
DEBUG:geventwebsocket.handler:Failed to write closing frame -> closing socket
DEBUG:geventwebsocket.handler:Closed WebSocket
