WARNING:werkzeug: * Debugger is active!
INFO:werkzeug: * Debugger PIN: 917-660-993
DEBUG:geventwebsocket.handler:Initializing WebSocket
DEBUG:geventwebsocket.handler:Validating WebSocket request
INFO:geventwebsocket.handler:127.0.0.1 - - [2021-11-30 00:29:13] "GET /socket.io/?client=agv&transport=polling&EIO=4&t=1638199751.0372734 HTTP/1.1" 200 254 0.004998
DEBUG:geventwebsocket.handler:Initializing WebSocket
DEBUG:geventwebsocket.handler:Validating WebSocket request
DEBUG:geventwebsocket.handler:Attempting to upgrade connection
DEBUG:geventwebsocket.handler:WebSocket request accepted, switching protocols
INFO:root:{"DATA_TYPE": "alarm", "AGV_NO": "agv", "ALARMS": [{"ALARM_CD": "32", "ALARM_STATUS": 1, "ALARM_DTL": "Tray 구동 실패", "OCCUR_DT": "20211130 00:29:13", "END_DT": null}]}
INFO:root:{"DATA_TYPE": "alarm", "AGV_NO": "agv", "ALARMS": [{"ALARM_CD": "15", "ALARM_STATUS": 1, "ALARM_DTL": "180도 회전 후, 위치 오류", "OCCUR_DT": "20211130 00:29:14", "END_DT": null}]}
INFO:root:{"DATA_TYPE": "alarm", "AGV_NO": "agv", "ALARMS": [{"ALARM_CD": "12", "ALARM_STATUS": 1, "ALARM_DTL": "직진 후, 위치 오류", "OCCUR_DT": "20211130 00:29:15", "END_DT": null}]}
INFO:root:{"DATA_TYPE": "alarm", "AGV_NO": "agv", "ALARMS": [{"ALARM_CD": "14", "ALARM_STATUS": 1, "ALARM_DTL": "좌 90도회전 후, 위치 오류", "OCCUR_DT": "20211130 00:29:16", "END_DT": null}]}
INFO:root:{"DATA_TYPE": "alarm", "AGV_NO": "agv", "ALARMS": [{"ALARM_CD": "16", "ALARM_STATUS": 1, "ALARM_DTL": "후진 후, 위치 오류", "OCCUR_DT": "20211130 00:29:17", "END_DT": null}]}
INFO:root:{"DATA_TYPE": "alarm", "AGV_NO": "agv", "ALARMS": [{"ALARM_CD": "32", "ALARM_STATUS": 0, "ALARM_DTL": "Tray 구동 실패", "OCCUR_DT": "20211130 00:29:13", "END_DT": "20211130 00:29:18"}, {"ALARM_CD": "31", "ALARM_STATUS": 1, "ALARM_DTL": "Belt 구동 실패", "OCCUR_DT": "20211130 00:29:18", "END_DT": null}]}
INFO:root:{"DATA_TYPE": "alarm", "AGV_NO": "agv", "ALARMS": [{"ALARM_CD": "15", "ALARM_STATUS": 0, "ALARM_DTL": "180도 회전 후, 위치 오류", "OCCUR_DT": "20211130 00:29:14", "END_DT": "20211130 00:29:19"}, {"ALARM_CD": "21", "ALARM_STATUS": 1, "ALARM_DTL": "LOW BATTERY", "OCCUR_DT": "20211130 00:29:19", "END_DT": null}]}
INFO:root:{"DATA_TYPE": "alarm", "AGV_NO": "agv", "ALARMS": [{"ALARM_CD": "12", "ALARM_STATUS": 0, "ALARM_DTL": "직진 후, 위치 오류", "OCCUR_DT": "20211130 00:29:15", "END_DT": "20211130 00:29:20"}, {"ALARM_CD": "15", "ALARM_STATUS": 1, "ALARM_DTL": "180도 회전 후, 위치 오류", "OCCUR_DT": "20211130 00:29:20", "END_DT": null}]}
INFO:root:{"DATA_TYPE": "alarm", "AGV_NO": "agv", "ALARMS": [{"ALARM_CD": "14", "ALARM_STATUS": 0, "ALARM_DTL": "좌 90도회전 후, 위치 오류", "OCCUR_DT": "20211130 00:29:16", "END_DT": "20211130 00:29:21"}, {"ALARM_CD": "22", "ALARM_STATUS": 1, "ALARM_DTL": "과전류 발생", "OCCUR_DT": "20211130 00:29:21", "END_DT": null}]}
INFO:root:{"DATA_TYPE": "alarm", "AGV_NO": "agv", "ALARMS": [{"ALARM_CD": "16", "ALARM_STATUS": 0, "ALARM_DTL": "후진 후, 위치 오류", "OCCUR_DT": "20211130 00:29:17", "END_DT": "20211130 00:29:22"}, {"ALARM_CD": "13", "ALARM_STATUS": 1, "ALARM_DTL": "우 90도회전 후, 위치 오류", "OCCUR_DT": "20211130 00:29:22", "END_DT": null}]}
INFO:root:{"DATA_TYPE": "alarm", "AGV_NO": "agv", "ALARMS": [{"ALARM_CD": "31", "ALARM_STATUS": 0, "ALARM_DTL": "Belt 구동 실패", "OCCUR_DT": "20211130 00:29:18", "END_DT": "20211130 00:29:23"}, {"ALARM_CD": "16", "ALARM_STATUS": 1, "ALARM_DTL": "후진 후, 위치 오류", "OCCUR_DT": "20211130 00:29:23", "END_DT": null}]}
INFO:root:{"DATA_TYPE": "alarm", "AGV_NO": "agv", "ALARMS": [{"ALARM_CD": "21", "ALARM_STATUS": 0, "ALARM_DTL": "LOW BATTERY", "OCCUR_DT": "20211130 00:29:19", "END_DT": "20211130 00:29:24"}, {"ALARM_CD": "32", "ALARM_STATUS": 1, "ALARM_DTL": "Tray 구동 실패", "OCCUR_DT": "20211130 00:29:24", "END_DT": null}]}
INFO:root:{"DATA_TYPE": "alarm", "AGV_NO": "agv", "ALARMS": [{"ALARM_CD": "15", "ALARM_STATUS": 0, "ALARM_DTL": "180도 회전 후, 위치 오류", "OCCUR_DT": "20211130 00:29:20", "END_DT": "20211130 00:29:25"}, {"ALARM_CD": "14", "ALARM_STATUS": 1, "ALARM_DTL": "좌 90도회전 후, 위치 오류", "OCCUR_DT": "20211130 00:29:25", "END_DT": null}]}
INFO:root:{"DATA_TYPE": "alarm", "AGV_NO": "agv", "ALARMS": [{"ALARM_CD": "22", "ALARM_STATUS": 0, "ALARM_DTL": "과전류 발생", "OCCUR_DT": "20211130 00:29:21", "END_DT": "20211130 00:29:26"}, {"ALARM_CD": "15", "ALARM_STATUS": 1, "ALARM_DTL": "180도 회전 후, 위치 오류", "OCCUR_DT": "20211130 00:29:26", "END_DT": null}]}
INFO:root:{"DATA_TYPE": "alarm", "AGV_NO": "agv", "ALARMS": [{"ALARM_CD": "13", "ALARM_STATUS": 0, "ALARM_DTL": "우 90도회전 후, 위치 오류", "OCCUR_DT": "20211130 00:29:22", "END_DT": "20211130 00:29:27"}, {"ALARM_CD": "21", "ALARM_STATUS": 1, "ALARM_DTL": "LOW BATTERY", "OCCUR_DT": "20211130 00:29:27", "END_DT": null}]}
INFO:root:{"DATA_TYPE": "alarm", "AGV_NO": "agv", "ALARMS": [{"ALARM_CD": "16", "ALARM_STATUS": 0, "ALARM_DTL": "후진 후, 위치 오류", "OCCUR_DT": "20211130 00:29:23", "END_DT": "20211130 00:29:28"}, {"ALARM_CD": "22", "ALARM_STATUS": 1, "ALARM_DTL": "과전류 발생", "OCCUR_DT": "20211130 00:29:28", "END_DT": null}]}
INFO:root:{"DATA_TYPE": "alarm", "AGV_NO": "agv", "ALARMS": [{"ALARM_CD": "32", "ALARM_STATUS": 0, "ALARM_DTL": "Tray 구동 실패", "OCCUR_DT": "20211130 00:29:24", "END_DT": "20211130 00:29:29"}, {"ALARM_CD": "13", "ALARM_STATUS": 1, "ALARM_DTL": "우 90도회전 후, 위치 오류", "OCCUR_DT": "20211130 00:29:29", "END_DT": null}]}
INFO:root:{"DATA_TYPE": "alarm", "AGV_NO": "agv", "ALARMS": [{"ALARM_CD": "14", "ALARM_STATUS": 0, "ALARM_DTL": "좌 90도회전 후, 위치 오류", "OCCUR_DT": "20211130 00:29:25", "END_DT": "20211130 00:29:30"}, {"ALARM_CD": "11", "ALARM_STATUS": 1, "ALARM_DTL": "현 위치확인 안됨", "OCCUR_DT": "20211130 00:29:30", "END_DT": null}]}
INFO:root:{"DATA_TYPE": "alarm", "AGV_NO": "agv", "ALARMS": [{"ALARM_CD": "15", "ALARM_STATUS": 0, "ALARM_DTL": "180도 회전 후, 위치 오류", "OCCUR_DT": "20211130 00:29:26", "END_DT": "20211130 00:29:31"}, {"ALARM_CD": "14", "ALARM_STATUS": 1, "ALARM_DTL": "좌 90도회전 후, 위치 오류", "OCCUR_DT": "20211130 00:29:31", "END_DT": null}]}
INFO:root:{"DATA_TYPE": "alarm", "AGV_NO": "agv", "ALARMS": [{"ALARM_CD": "21", "ALARM_STATUS": 0, "ALARM_DTL": "LOW BATTERY", "OCCUR_DT": "20211130 00:29:27", "END_DT": "20211130 00:29:32"}, {"ALARM_CD": "16", "ALARM_STATUS": 1, "ALARM_DTL": "후진 후, 위치 오류", "OCCUR_DT": "20211130 00:29:32", "END_DT": null}]}
INFO:root:{"DATA_TYPE": "alarm", "AGV_NO": "agv", "ALARMS": [{"ALARM_CD": "22", "ALARM_STATUS": 0, "ALARM_DTL": "과전류 발생", "OCCUR_DT": "20211130 00:29:28", "END_DT": "20211130 00:29:33"}, {"ALARM_CD": "21", "ALARM_STATUS": 1, "ALARM_DTL": "LOW BATTERY", "OCCUR_DT": "20211130 00:29:33", "END_DT": null}]}
INFO:root:{"DATA_TYPE": "alarm", "AGV_NO": "agv", "ALARMS": [{"ALARM_CD": "13", "ALARM_STATUS": 0, "ALARM_DTL": "우 90도회전 후, 위치 오류", "OCCUR_DT": "20211130 00:29:29", "END_DT": "20211130 00:29:34"}, {"ALARM_CD": "32", "ALARM_STATUS": 1, "ALARM_DTL": "Tray 구동 실패", "OCCUR_DT": "20211130 00:29:34", "END_DT": null}]}
INFO:root:{"DATA_TYPE": "alarm", "AGV_NO": "agv", "ALARMS": [{"ALARM_CD": "11", "ALARM_STATUS": 0, "ALARM_DTL": "현 위치확인 안됨", "OCCUR_DT": "20211130 00:29:30", "END_DT": "20211130 00:29:35"}, {"ALARM_CD": "13", "ALARM_STATUS": 1, "ALARM_DTL": "우 90도회전 후, 위치 오류", "OCCUR_DT": "20211130 00:29:35", "END_DT": null}]}
INFO:root:{"DATA_TYPE": "alarm", "AGV_NO": "agv", "ALARMS": [{"ALARM_CD": "14", "ALARM_STATUS": 0, "ALARM_DTL": "좌 90도회전 후, 위치 오류", "OCCUR_DT": "20211130 00:29:31", "END_DT": "20211130 00:29:36"}, {"ALARM_CD": "15", "ALARM_STATUS": 1, "ALARM_DTL": "180도 회전 후, 위치 오류", "OCCUR_DT": "20211130 00:29:36", "END_DT": null}]}
INFO:root:{"DATA_TYPE": "alarm", "AGV_NO": "agv", "ALARMS": [{"ALARM_CD": "16", "ALARM_STATUS": 0, "ALARM_DTL": "후진 후, 위치 오류", "OCCUR_DT": "20211130 00:29:32", "END_DT": "20211130 00:29:37"}, {"ALARM_CD": "31", "ALARM_STATUS": 1, "ALARM_DTL": "Belt 구동 실패", "OCCUR_DT": "20211130 00:29:37", "END_DT": null}]}
INFO:werkzeug: * Detected change in 'D:\\LG_CNS_AGV\\app.py', reloading
